::1 - - [12/Apr/2019:23:11:14 -0500] "GET / HTTP/1.1" 200 9 0.0053
::1 - - [12/Apr/2019:23:18:52 -0500] "GET / HTTP/1.1" 200 9 0.0053
::1 - - [12/Apr/2019:23:19:04 -0500] "GET /__sinatra__/500.png HTTP/1.1" 200 24378 0.0022
::1 - - [12/Apr/2019:23:20:02 -0500] "GET /__sinatra__/500.png HTTP/1.1" 304 - 0.0005
::1 - - [12/Apr/2019:23:20:18 -0500] "GET /__sinatra__/500.png HTTP/1.1" 304 - 0.0006
::1 - - [12/Apr/2019:23:20:19 -0500] "GET /__sinatra__/500.png HTTP/1.1" 304 - 0.0005
::1 - - [12/Apr/2019:23:20:50 -0500] "GET /favicon.ico HTTP/1.1" 404 - 0.0078
::1 - - [12/Apr/2019:23:20:58 -0500] "GET /testfile.txt HTTP/1.1" 200 10 0.0004
::1 - - [12/Apr/2019:23:21:47 -0500] "GET /status.xml HTTP/1.1" 200 54477 0.0004
::1 - - [12/Apr/2019:23:22:07 -0500] "GET /presentertrack-bundle-3.zip HTTP/1.1" 200 3008 0.0006
::1 - - [12/Apr/2019:23:22:23 -0500] "GET /cms.lic HTTP/1.1" 200 1043 0.0003
::1 - - [12/Apr/2019:23:22:45 -0500] "GET /8851-3PCC.xml HTTP/1.1" 200 - 0.0019
::1 - - [12/Apr/2019:23:23:01 -0500] "GET /8851-3PCC.xml HTTP/1.1" 200 - 0.0005
::1 - - [12/Apr/2019:23:23:13 -0500] "GET /XMLDefault.cnf.xml HTTP/1.1" 200 1898 0.0039
::1 - - [12/Apr/2019:23:23:28 -0500] "GET /XMLDefault.cnf.xml HTTP/1.1" 200 1970 0.0079
::1 - - [12/Apr/2019:23:24:05 -0500] "GET /8851-3PCC.xml HTTP/1.1" 200 240 0.0046
::1 - - [12/Apr/2019:23:24:30 -0500] "GET /8851-3PCC.xml HTTP/1.1" 200 240 0.0085
::1 - - [12/Apr/2019:23:25:10 -0500] "GET /8851-3PCC.xml HTTP/1.1" 200 241 0.0083
::1 - - [12/Apr/2019:23:25:32 -0500] "GET /8851-3PCC.xml HTTP/1.1" 200 241 0.0078
::1 - - [12/Apr/2019:23:25:42 -0500] "GET /8851-3PCC.xml HTTP/1.1" 200 241 0.0084
::1 - - [12/Apr/2019:23:26:18 -0500] "GET /8845-3PCC.xml HTTP/1.1" 200 246 0.0081
::1 - - [12/Apr/2019:23:26:31 -0500] "GET /8811-3PCC.xml HTTP/1.1" 200 241 0.0007
::1 - - [12/Apr/2019:23:26:35 -0500] "GET /8865-3PCC.xml HTTP/1.1" 200 246 0.0007
